================================================================================
LESSON MIGRATION REPORT
================================================================================

Date: 2025-11-06T02:28:00.987Z
Mode: DRY RUN
Module Filter: All

STATISTICS:
  Total files processed: 14
  ✓ Successful: 0
  ✗ Failed: 14
  ○ Skipped: 0

FAILED FILES:
  module-01-fundamentals\lesson-01-respiratory-anatomy.json
    - Unknown format - cannot migrate
  module-01-fundamentals\lesson-02-respiratory-mechanics.json
    - Unknown format - cannot migrate
  module-01-fundamentals\lesson-03-gas-exchange.json
    - Unknown format - cannot migrate
  module-01-fundamentals\lesson-04-arterial-blood-gas.json
    - Unknown format - cannot migrate
  module-03-configuration\pathologies\asthma-protocol.json
    - Unknown format - cannot migrate
  module-03-configuration\pathologies\copd-protocol.json
    - Unknown format - cannot migrate
  module-03-configuration\pathologies\pneumonia-protocol.json
    - Unknown format - cannot migrate
  module-03-configuration\pathologies\sdra-protocol.json
    - Unknown format - cannot migrate
  module-03-configuration\protective-strategies\low-tidal-volume.json
    - Unknown format - cannot migrate
  module-03-configuration\protective-strategies\lung-protective-ventilation.json
    - Unknown format - cannot migrate
  module-03-configuration\protective-strategies\peep-strategies.json
    - Unknown format - cannot migrate
  module-03-configuration\protective-strategies\permissive-hypercapnia.json
    - Unknown format - cannot migrate
  module-03-configuration\weaning\readiness-criteria.json
    - Unknown format - cannot migrate
  module-03-configuration\weaning\sbt-protocol.json
    - Unknown format - cannot migrate

================================================================================